\BOOKMARK [0][-]{chapter.1}{Specialized Discourse}{}% 1
\BOOKMARK [1][-]{section.1.1}{SD: EARLY DEFINITIONS}{chapter.1}% 2
\BOOKMARK [1][-]{section.1.2}{THE ISSUE OF TERMINOLOGY}{chapter.1}% 3
\BOOKMARK [1][-]{section.1.3}{RECENT DEFINITIONS OF SPECIALIZED DISCOURSE}{chapter.1}% 4
\BOOKMARK [1][-]{section.1.4}{SD: MULTIDIMENSIONAL NATURE}{chapter.1}% 5
\BOOKMARK [1][-]{section.1.5}{SD: GENERAL FEATURES}{chapter.1}% 6
\BOOKMARK [1][-]{section.1.6}{SD: LEXICAL FEATURES}{chapter.1}% 7
\BOOKMARK [2][-]{subsection.1.6.1}{MONOREFERENTIALITY}{section.1.6}% 8
\BOOKMARK [2][-]{subsection.1.6.2}{LACK OF EMOTION}{section.1.6}% 9
\BOOKMARK [2][-]{subsection.1.6.3}{PRECISION}{section.1.6}% 10
\BOOKMARK [2][-]{subsection.1.6.4}{TRANSPARENCY}{section.1.6}% 11
\BOOKMARK [2][-]{subsection.1.6.5}{CONCISENESS}{section.1.6}% 12
\BOOKMARK [2][-]{subsection.1.6.6}{CONSERVATIVISM}{section.1.6}% 13
\BOOKMARK [2][-]{subsection.1.6.7}{IMPRECISION}{section.1.6}% 14
\BOOKMARK [2][-]{subsection.1.6.8}{REDUNDANCY}{section.1.6}% 15
\BOOKMARK [2][-]{subsection.1.6.9}{METAPHOR}{section.1.6}% 16
\BOOKMARK [1][-]{section.1.7}{SD: SYNTACTIC FEATURES}{chapter.1}% 17
\BOOKMARK [2][-]{subsection.1.7.1}{OMISSION OF PHRASAL ELEMENTS}{section.1.7}% 18
\BOOKMARK [2][-]{subsection.1.7.2}{HOW TO ACHIEVE CONCISENESS}{section.1.7}% 19
\BOOKMARK [2][-]{subsection.1.7.3}{PREMODIFICATION}{section.1.7}% 20
\BOOKMARK [2][-]{subsection.1.7.4}{NOMINALIZATION - DEFINITION}{section.1.7}% 21
\BOOKMARK [2][-]{subsection.1.7.5}{NOMINALIZATION - REALIZATION}{section.1.7}% 22
\BOOKMARK [2][-]{subsection.1.7.6}{SENTENCE COMPLEXITY}{section.1.7}% 23
\BOOKMARK [2][-]{subsection.1.7.7}{SENTENCE LENGTH - LEGAL DISCOURSE}{section.1.7}% 24
\BOOKMARK [2][-]{subsection.1.7.8}{VERB TENSES}{section.1.7}% 25
\BOOKMARK [2][-]{subsection.1.7.9}{USE OF THE PASSIVE + DEPERSONALIZATION}{section.1.7}% 26
\BOOKMARK [1][-]{section.1.8}{SPECIALIZED DISCOURSE: TEXTUAL FEATURES}{chapter.1}% 27
\BOOKMARK [2][-]{subsection.1.8.1}{ANAPHORIC REFERENCE}{section.1.8}% 28
\BOOKMARK [2][-]{subsection.1.8.2}{USE OF CONJUNCTIONS}{section.1.8}% 29
\BOOKMARK [2][-]{subsection.1.8.3}{THEMATIC SEQUENCE}{section.1.8}% 30
\BOOKMARK [2][-]{subsection.1.8.4}{ARGUMENTATIVE PATTERN}{section.1.8}% 31
\BOOKMARK [2][-]{subsection.1.8.5}{THE EMOTIVE FORCE OF SPECIALIZED TEXTS}{section.1.8}% 32
\BOOKMARK [1][-]{section.1.9}{THE LEXIS OF COMPUTER SCIENCE}{chapter.1}% 33
\BOOKMARK [2][-]{subsection.1.9.1}{COMPUTER SCIENCE: SPECIALIZATION AND BORROWING}{section.1.9}% 34
\BOOKMARK [2][-]{subsection.1.9.2}{COMPUTER SCIENCE: NEOLOGY}{section.1.9}% 35
\BOOKMARK [2][-]{subsection.1.9.3}{COMPUTER SCIENCE: ACRONYMS AND ABBREVIATION}{section.1.9}% 36
\BOOKMARK [2][-]{subsection.1.9.4}{COMPUTER SCIENCE: RECENT DEVELOPMENT}{section.1.9}% 37
\BOOKMARK [1][-]{section.1.10}{POPULARIZATION}{chapter.1}% 38
\BOOKMARK [2][-]{subsection.1.10.1}{POPULARIZATION AND TRANSLATION}{section.1.10}% 39
\BOOKMARK [2][-]{subsection.1.10.2}{POPULARIZATION: FEATURES}{section.1.10}% 40
\BOOKMARK [2][-]{subsection.1.10.3}{POPULARIZATION: DEFINITIONS}{section.1.10}% 41
\BOOKMARK [2][-]{subsection.1.10.4}{POPULARIZATION: SCHEMATIC DISTANCE}{section.1.10}% 42
\BOOKMARK [2][-]{subsection.1.10.5}{POPULARIZATION: NOVEL FORMS}{section.1.10}% 43
\BOOKMARK [1][-]{section.1.11}{MULTIMODAL POPULARIZATION}{chapter.1}% 44
\BOOKMARK [0][-]{chapter.2}{Cambridge English for Engineering - Esercizi Risolti}{}% 45
\BOOKMARK [1][-]{section.2.1}{UNIT 1: Technology in Use}{chapter.2}% 46
\BOOKMARK [2][-]{subsection.2.1.1}{2}{section.2.1}% 47
\BOOKMARK [2][-]{subsection.2.1.2}{3}{section.2.1}% 48
\BOOKMARK [2][-]{subsection.2.1.3}{4}{section.2.1}% 49
\BOOKMARK [2][-]{subsection.2.1.4}{6}{section.2.1}% 50
\BOOKMARK [2][-]{subsection.2.1.5}{7}{section.2.1}% 51
\BOOKMARK [2][-]{subsection.2.1.6}{12}{section.2.1}% 52
\BOOKMARK [2][-]{subsection.2.1.7}{13}{section.2.1}% 53
\BOOKMARK [1][-]{section.2.2}{UNIT 2: Materials Technology}{chapter.2}% 54
\BOOKMARK [2][-]{subsection.2.2.1}{2}{section.2.2}% 55
\BOOKMARK [2][-]{subsection.2.2.2}{3}{section.2.2}% 56
\BOOKMARK [2][-]{subsection.2.2.3}{5}{section.2.2}% 57
\BOOKMARK [2][-]{subsection.2.2.4}{6}{section.2.2}% 58
\BOOKMARK [2][-]{subsection.2.2.5}{8}{section.2.2}% 59
\BOOKMARK [2][-]{subsection.2.2.6}{9}{section.2.2}% 60
\BOOKMARK [2][-]{subsection.2.2.7}{10}{section.2.2}% 61
\BOOKMARK [2][-]{subsection.2.2.8}{14}{section.2.2}% 62
\BOOKMARK [1][-]{section.2.3}{UNIT 3: Components and assemblies}{chapter.2}% 63
\BOOKMARK [2][-]{subsection.2.3.1}{2}{section.2.3}% 64
\BOOKMARK [2][-]{subsection.2.3.2}{3}{section.2.3}% 65
\BOOKMARK [2][-]{subsection.2.3.3}{4}{section.2.3}% 66
\BOOKMARK [2][-]{subsection.2.3.4}{6}{section.2.3}% 67
\BOOKMARK [2][-]{subsection.2.3.5}{7}{section.2.3}% 68
\BOOKMARK [2][-]{subsection.2.3.6}{10}{section.2.3}% 69
\BOOKMARK [2][-]{subsection.2.3.7}{11}{section.2.3}% 70
\BOOKMARK [2][-]{subsection.2.3.8}{13}{section.2.3}% 71
\BOOKMARK [2][-]{subsection.2.3.9}{14}{section.2.3}% 72
\BOOKMARK [1][-]{section.2.4}{UNIT 4: Engineering design}{chapter.2}% 73
\BOOKMARK [2][-]{subsection.2.4.1}{2}{section.2.4}% 74
\BOOKMARK [2][-]{subsection.2.4.2}{3}{section.2.4}% 75
\BOOKMARK [2][-]{subsection.2.4.3}{6}{section.2.4}% 76
\BOOKMARK [2][-]{subsection.2.4.4}{7}{section.2.4}% 77
\BOOKMARK [2][-]{subsection.2.4.5}{10}{section.2.4}% 78
\BOOKMARK [2][-]{subsection.2.4.6}{13}{section.2.4}% 79
\BOOKMARK [2][-]{subsection.2.4.7}{14}{section.2.4}% 80
\BOOKMARK [1][-]{section.2.5}{UNIT 6: Technical development}{chapter.2}% 81
\BOOKMARK [2][-]{subsection.2.5.1}{2}{section.2.5}% 82
\BOOKMARK [2][-]{subsection.2.5.2}{3}{section.2.5}% 83
\BOOKMARK [2][-]{subsection.2.5.3}{6}{section.2.5}% 84
\BOOKMARK [2][-]{subsection.2.5.4}{9}{section.2.5}% 85
\BOOKMARK [2][-]{subsection.2.5.5}{12}{section.2.5}% 86
\BOOKMARK [1][-]{section.2.6}{UNIT 8: Monitoring and control}{chapter.2}% 87
\BOOKMARK [2][-]{subsection.2.6.1}{2}{section.2.6}% 88
\BOOKMARK [2][-]{subsection.2.6.2}{5}{section.2.6}% 89
\BOOKMARK [2][-]{subsection.2.6.3}{6}{section.2.6}% 90
\BOOKMARK [2][-]{subsection.2.6.4}{8}{section.2.6}% 91
\BOOKMARK [2][-]{subsection.2.6.5}{9}{section.2.6}% 92
\BOOKMARK [2][-]{subsection.2.6.6}{11}{section.2.6}% 93
\BOOKMARK [2][-]{subsection.2.6.7}{12}{section.2.6}% 94
\BOOKMARK [1][-]{section.2.7}{UNIT 9: Theory and practice}{chapter.2}% 95
\BOOKMARK [2][-]{subsection.2.7.1}{2}{section.2.7}% 96
\BOOKMARK [2][-]{subsection.2.7.2}{5}{section.2.7}% 97
\BOOKMARK [2][-]{subsection.2.7.3}{7}{section.2.7}% 98
\BOOKMARK [2][-]{subsection.2.7.4}{8}{section.2.7}% 99
\BOOKMARK [2][-]{subsection.2.7.5}{9}{section.2.7}% 100
\BOOKMARK [2][-]{subsection.2.7.6}{10}{section.2.7}% 101
\BOOKMARK [2][-]{subsection.2.7.7}{13}{section.2.7}% 102
\BOOKMARK [1][-]{section.2.8}{UNIT 10: Pushing the boundaries}{chapter.2}% 103
\BOOKMARK [2][-]{subsection.2.8.1}{2}{section.2.8}% 104
\BOOKMARK [2][-]{subsection.2.8.2}{3}{section.2.8}% 105
\BOOKMARK [2][-]{subsection.2.8.3}{4}{section.2.8}% 106
\BOOKMARK [2][-]{subsection.2.8.4}{5}{section.2.8}% 107
\BOOKMARK [2][-]{subsection.2.8.5}{5}{section.2.8}% 108
\BOOKMARK [2][-]{subsection.2.8.6}{6}{section.2.8}% 109
\BOOKMARK [2][-]{subsection.2.8.7}{8}{section.2.8}% 110
\BOOKMARK [0][-]{chapter.3}{English II Grammar Lessons}{}% 111
\BOOKMARK [1][-]{section.3.1}{Theory}{chapter.3}% 112
\BOOKMARK [2][-]{subsection.3.1.1}{Present simple and Present continuous}{section.3.1}% 113
\BOOKMARK [2][-]{subsection.3.1.2}{Past simple and Past continuous}{section.3.1}% 114
\BOOKMARK [2][-]{subsection.3.1.3}{Future simple and Future continuous}{section.3.1}% 115
\BOOKMARK [2][-]{subsection.3.1.4}{Present perfect and Present perfect continuous}{section.3.1}% 116
\BOOKMARK [2][-]{subsection.3.1.5}{Past perfect and Past perfect continuous}{section.3.1}% 117
\BOOKMARK [2][-]{subsection.3.1.6}{Future perfect and Future perfect continuous}{section.3.1}% 118
\BOOKMARK [2][-]{subsection.3.1.7}{Time clauses}{section.3.1}% 119
\BOOKMARK [2][-]{subsection.3.1.8}{Conditional tense}{section.3.1}% 120
\BOOKMARK [2][-]{subsection.3.1.9}{If clauses \046 conditional sentences}{section.3.1}% 121
\BOOKMARK [2][-]{subsection.3.1.10}{Present tenses and going to for future}{section.3.1}% 122
\BOOKMARK [2][-]{subsection.3.1.11}{Modal verbs can, may, must}{section.3.1}% 123
\BOOKMARK [2][-]{subsection.3.1.12}{Infinitive and Gerund}{section.3.1}% 124
\BOOKMARK [2][-]{subsection.3.1.13}{Direct - indirect object}{section.3.1}% 125
\BOOKMARK [2][-]{subsection.3.1.14}{Reported speech}{section.3.1}% 126
\BOOKMARK [2][-]{subsection.3.1.15}{Passive voice}{section.3.1}% 127
\BOOKMARK [2][-]{subsection.3.1.16}{Indirect questions}{section.3.1}% 128
\BOOKMARK [1][-]{section.3.2}{Exercises}{chapter.3}% 129
\BOOKMARK [2][-]{subsection.3.2.1}{Present simple tense exercises}{section.3.2}% 130
\BOOKMARK [2][-]{subsection.3.2.2}{Present continuos tense exercises}{section.3.2}% 131
\BOOKMARK [2][-]{subsection.3.2.3}{Present simple + continuous exercises}{section.3.2}% 132
\BOOKMARK [2][-]{subsection.3.2.4}{Past simple exercises}{section.3.2}% 133
\BOOKMARK [2][-]{subsection.3.2.5}{Past continuous exercises}{section.3.2}% 134
\BOOKMARK [2][-]{subsection.3.2.6}{Future simple exercises}{section.3.2}% 135
\BOOKMARK [2][-]{subsection.3.2.7}{Future continuous exercises}{section.3.2}% 136
\BOOKMARK [2][-]{subsection.3.2.8}{Future simple + continuous exercises}{section.3.2}% 137
\BOOKMARK [2][-]{subsection.3.2.9}{Present perfect exercises}{section.3.2}% 138
\BOOKMARK [2][-]{subsection.3.2.10}{Present perfect continuous exercises}{section.3.2}% 139
\BOOKMARK [2][-]{subsection.3.2.11}{Present perfect + continuous exercises}{section.3.2}% 140
\BOOKMARK [2][-]{subsection.3.2.12}{Past perfect exercises}{section.3.2}% 141
\BOOKMARK [2][-]{subsection.3.2.13}{Past perfect continuous exercises}{section.3.2}% 142
\BOOKMARK [2][-]{subsection.3.2.14}{Past perfect + continuous exercises}{section.3.2}% 143
\BOOKMARK [2][-]{subsection.3.2.15}{Future perfect exercises}{section.3.2}% 144
\BOOKMARK [2][-]{subsection.3.2.16}{Future perfect continuous exercises}{section.3.2}% 145
\BOOKMARK [2][-]{subsection.3.2.17}{Future perfect + continuous exercises}{section.3.2}% 146
\BOOKMARK [2][-]{subsection.3.2.18}{Time clauses + Conditionals}{section.3.2}% 147
\BOOKMARK [2][-]{subsection.3.2.19}{Be going to exercises}{section.3.2}% 148
\BOOKMARK [2][-]{subsection.3.2.20}{Present simple + Present continuous for future}{section.3.2}% 149
\BOOKMARK [2][-]{subsection.3.2.21}{Will + Going to + Present continuous}{section.3.2}% 150
\BOOKMARK [2][-]{subsection.3.2.22}{Modal verbs - Can, May, Must}{section.3.2}% 151
\BOOKMARK [2][-]{subsection.3.2.23}{Modal verbs and imperative, infinitives, gerunds}{section.3.2}% 152
\BOOKMARK [2][-]{subsection.3.2.24}{Direct and Indirect object}{section.3.2}% 153
\BOOKMARK [2][-]{subsection.3.2.25}{Reported speech and Passive voice}{section.3.2}% 154
\BOOKMARK [2][-]{subsection.3.2.26}{Indirect questions}{section.3.2}% 155
